Arguments: 
  /usr/local/Cellar/node@8/8.11.3_1/bin/node /usr/local/Cellar/yarn/1.7.0/libexec/bin/yarn.js run

PATH: 
  /usr/local/opt/node@8/bin:/usr/local/opt/node@6/bin:/usr/local/opt/node@6/bin:/usr/local/bin:/usr/bin:/bin:/usr/sbin:/sbin:/usr/local/go/bin

Yarn version: 
  1.7.0

Node version: 
  8.11.3

Platform: 
  darwin x64

Trace: 
  SyntaxError: /Users/gauravs/Desktop/tvdapp/newTvDapp/package.json: Unexpected token { in JSON at position 763
      at JSON.parse (<anonymous>)
      at /usr/local/Cellar/yarn/1.7.0/libexec/lib/cli.js:1130:59
      at Generator.next (<anonymous>)
      at step (/usr/local/Cellar/yarn/1.7.0/libexec/lib/cli.js:98:30)
      at /usr/local/Cellar/yarn/1.7.0/libexec/lib/cli.js:109:13
      at <anonymous>

npm manifest: 
  {
    "name": "newtvdapp",
    "version": "1.0.0",
    "description": "Blockchain recommendation engine ",
    "main": "index.js",
    "scripts": {
      "test": "truffle test",
      "dev": "node server/",
      "test": "truffle test",
      "build": "next build",
      "blockchain": "truffle compile && truffle migrate",
      "start": "NODE_ENV=production node server/",
      "heroku-postbuild": "next build" 
  
  
  
   },
    "repository": {
      "type": "git",
      "url": "git+https://github.com/gauravsavanur07/TvRecommendDapp.git"
    },
    "keywords": [
      "Blockchain"
    ],
    "author": "Gaurav Savanur",
    "license": "ISC",
    "bugs": {
      "url": "https://github.com/gauravsavanur07/TvRecommendDapp/issues"
    },
    "homepage": "https://github.com/gauravsavanur07/TvRecommendDapp#readme",
  {
    "scripts": {
      "dev": "node server/",
      "test": "truffle test",
      "build": "next build",
      "blockchain": "truffle compile && truffle migrate",
      "start": "NODE_ENV=production node server/",
      "heroku-postbuild": "next build"
    },
    "engines": {
      "node": "7.10.0"
    },
    "babel": {
      "presets": [
        "next/babel"
      ],
      "plugins": [
        [
          "inline-json",
          {
            "matchPattern": "Bookmark"
          }
        ],
        "transform-decorators-legacy",
        [
          "transform-define",
          "./env-config.js"
        ]
      ]
  {
   "dependencies": {
      "babel-plugin-inline-json": "^1.2.2",
      "babel-plugin-transform-decorators-legacy": "^1.3.4",
      "babel-plugin-transform-define": "^1.3.0",
      "body-parser": "^1.17.2",
      "cookie-session": "^1.3.1",
      "ethereumjs-testrpc": "^4.1.3",
      "express": "^4.15.4",
      "grant-express": "^3.8.0",
      "isomorphic-fetch": "^2.2.1",
      "lodash": "^4.17.4",
      "mobx": "^3.3.1",
      "mobx-react": "^4.3.3",
      "next": "^4.0.3",
      "nprogress": "^0.2.0",
      "react": "^16.0.0",
      "react-dom": "^16.0.0",
      "truffle": "^3.4.9",
      "truffle-contract": "^3.0.0"
    },
    "devDependencies": {
      "mocha": "^3.5.3"
    }
  }

yarn manifest: 
  No manifest

Lockfile: 
  No lockfile
